# JRE version: OpenJDK Runtime Environment GraalVM CE 21.2.0 (11.0.12+6) (build 11.0.12+6-jvmci-21.2-b08)
# Java VM: OpenJDK 64-Bit Server VM GraalVM CE 21.2.0 (11.0.12+6-jvmci-21.2-b08, mixed mode, sharing, tiered, jvmci, jvmci compiler, compressed oops, g1 gc, bsd-amd64)
Heap:
 garbage-first heap   total 159744K, used 57393K [0x0000000780000000, 0x0000000800000000)
  region size 1024K, 16 young (16384K), 8 survivors (8192K)
 Metaspace       used 35433K, capacity 37221K, committed 37420K, reserved 1081344K
  class space    used 4133K, capacity 4867K, committed 4992K, reserved 1048576K
GC Heap History (20 events):
Event: 5,766 GC heap before
{Heap before GC invocations=1 (full 0):
 garbage-first heap   total 133120K, used 28569K [0x0000000780000000, 0x0000000800000000)
  region size 1024K, 27 young (27648K), 2 survivors (2048K)
 Metaspace       used 4672K, capacity 6214K, committed 6272K, reserved 1056768K
  class space    used 406K, capacity 638K, committed 640K, reserved 1048576K
}
Event: 5,787 GC heap after
{Heap after GC invocations=2 (full 0):
 garbage-first heap   total 133120K, used 18398K [0x0000000780000000, 0x0000000800000000)
  region size 1024K, 4 young (4096K), 4 survivors (4096K)
 Metaspace       used 4672K, capacity 6214K, committed 6272K, reserved 1056768K
  class space    used 406K, capacity 638K, committed 640K, reserved 1048576K
}
Event: 5,971 GC heap before
{Heap before GC invocations=2 (full 0):
 garbage-first heap   total 133120K, used 38878K [0x0000000780000000, 0x0000000800000000)
  region size 1024K, 25 young (25600K), 4 survivors (4096K)
 Metaspace       used 4696K, capacity 6214K, committed 6272K, reserved 1056768K
  class space    used 406K, capacity 638K, committed 640K, reserved 1048576K
}
Event: 5,982 GC heap after
{Heap after GC invocations=3 (full 0):
 garbage-first heap   total 133120K, used 22383K [0x0000000780000000, 0x0000000800000000)
  region size 1024K, 4 young (4096K), 4 survivors (4096K)
 Metaspace       used 4696K, capacity 6214K, committed 6272K, reserved 1056768K
  class space    used 406K, capacity 638K, committed 640K, reserved 1048576K
}
Event: 6,052 GC heap before
{Heap before GC invocations=3 (full 0):
 garbage-first heap   total 133120K, used 41839K [0x0000000780000000, 0x0000000800000000)
  region size 1024K, 24 young (24576K), 4 survivors (4096K)
 Metaspace       used 4713K, capacity 6215K, committed 6272K, reserved 1056768K
  class space    used 406K, capacity 638K, committed 640K, reserved 1048576K
}
Event: 6,061 GC heap after
{Heap after GC invocations=4 (full 0):
 garbage-first heap   total 133120K, used 27356K [0x0000000780000000, 0x0000000800000000)
  region size 1024K, 3 young (3072K), 3 survivors (3072K)
 Metaspace       used 4713K, capacity 6215K, committed 6272K, reserved 1056768K
  class space    used 406K, capacity 638K, committed 640K, reserved 1048576K
}
Event: 6,405 GC heap before
{Heap before GC invocations=4 (full 0):
 garbage-first heap   total 133120K, used 49884K [0x0000000780000000, 0x0000000800000000)
  region size 1024K, 25 young (25600K), 3 survivors (3072K)
 Metaspace       used 6873K, capacity 7447K, committed 7552K, reserved 1056768K
  class space    used 630K, capacity 838K, committed 896K, reserved 1048576K
}
Event: 6,417 GC heap after
{Heap after GC invocations=5 (full 0):
 garbage-first heap   total 133120K, used 34480K [0x0000000780000000, 0x0000000800000000)
  region size 1024K, 4 young (4096K), 4 survivors (4096K)
 Metaspace       used 6873K, capacity 7447K, committed 7552K, reserved 1056768K
  class space    used 630K, capacity 838K, committed 896K, reserved 1048576K
}
Event: 7,023 GC heap before
{Heap before GC invocations=5 (full 0):
 garbage-first heap   total 133120K, used 69296K [0x0000000780000000, 0x0000000800000000)
  region size 1024K, 38 young (38912K), 4 survivors (4096K)
 Metaspace       used 13085K, capacity 13764K, committed 13952K, reserved 1060864K
  class space    used 1311K, capacity 1578K, committed 1664K, reserved 1048576K
}
Event: 7,033 GC heap after
{Heap after GC invocations=6 (full 0):
 garbage-first heap   total 133120K, used 37600K [0x0000000780000000, 0x0000000800000000)
  region size 1024K, 3 young (3072K), 3 survivors (3072K)
 Metaspace       used 13085K, capacity 13764K, committed 13952K, reserved 1060864K
  class space    used 1311K, capacity 1578K, committed 1664K, reserved 1048576K
}
Event: 7,308 GC heap before
{Heap before GC invocations=6 (full 0):
 garbage-first heap   total 133120K, used 76512K [0x0000000780000000, 0x0000000800000000)
  region size 1024K, 41 young (41984K), 3 survivors (3072K)
 Metaspace       used 15602K, capacity 16374K, committed 16640K, reserved 1064960K
  class space    used 1703K, capacity 1992K, committed 2048K, reserved 1048576K
}
Event: 7,315 GC heap after
{Heap after GC invocations=7 (full 0):
 garbage-first heap   total 133120K, used 40263K [0x0000000780000000, 0x0000000800000000)
  region size 1024K, 6 young (6144K), 6 survivors (6144K)
 Metaspace       used 15602K, capacity 16374K, committed 16640K, reserved 1064960K
  class space    used 1703K, capacity 1992K, committed 2048K, reserved 1048576K
}
Event: 7,527 GC heap before
{Heap before GC invocations=7 (full 0):
 garbage-first heap   total 133120K, used 82247K [0x0000000780000000, 0x0000000800000000)
  region size 1024K, 48 young (49152K), 6 survivors (6144K)
 Metaspace       used 19798K, capacity 20790K, committed 21120K, reserved 1067008K
  class space    used 2238K, capacity 2569K, committed 2688K, reserved 1048576K
}
Event: 7,541 GC heap after
{Heap after GC invocations=8 (full 0):
 garbage-first heap   total 133120K, used 43070K [0x0000000780000000, 0x0000000800000000)
  region size 1024K, 6 young (6144K), 6 survivors (6144K)
 Metaspace       used 19798K, capacity 20790K, committed 21120K, reserved 1067008K
  class space    used 2238K, capacity 2569K, committed 2688K, reserved 1048576K
}
Event: 7,576 GC heap before
{Heap before GC invocations=8 (full 0):
 garbage-first heap   total 133120K, used 47166K [0x0000000780000000, 0x0000000800000000)
  region size 1024K, 11 young (11264K), 6 survivors (6144K)
 Metaspace       used 20289K, capacity 21183K, committed 21296K, reserved 1069056K
  class space    used 2284K, capacity 2636K, committed 2688K, reserved 1048576K
}
Event: 7,584 GC heap after
{Heap after GC invocations=9 (full 0):
 garbage-first heap   total 159744K, used 43688K [0x0000000780000000, 0x0000000800000000)
  region size 1024K, 4 young (4096K), 4 survivors (4096K)
 Metaspace       used 20289K, capacity 21183K, committed 21296K, reserved 1069056K
  class space    used 2284K, capacity 2636K, committed 2688K, reserved 1048576K
}
Event: 8,089 GC heap before
{Heap before GC invocations=10 (full 0):
 garbage-first heap   total 159744K, used 106152K [0x0000000780000000, 0x0000000800000000)
  region size 1024K, 66 young (67584K), 4 survivors (4096K)
 Metaspace       used 25248K, capacity 26346K, committed 26540K, reserved 1073152K
  class space    used 2825K, capacity 3287K, committed 3328K, reserved 1048576K
}
Event: 8,102 GC heap after
{Heap after GC invocations=11 (full 0):
 garbage-first heap   total 159744K, used 46796K [0x0000000780000000, 0x0000000800000000)
  region size 1024K, 7 young (7168K), 7 survivors (7168K)
 Metaspace       used 25248K, capacity 26346K, committed 26540K, reserved 1073152K
  class space    used 2825K, capacity 3287K, committed 3328K, reserved 1048576K
}
Event: 8,762 GC heap before
{Heap before GC invocations=12 (full 0):
 garbage-first heap   total 159744K, used 115404K [0x0000000780000000, 0x0000000800000000)
  region size 1024K, 75 young (76800K), 7 survivors (7168K)
 Metaspace       used 33852K, capacity 35562K, committed 35884K, reserved 1081344K
  class space    used 3936K, capacity 4634K, committed 4736K, reserved 1048576K
}
Event: 8,779 GC heap after
{Heap after GC invocations=13 (full 0):
 garbage-first heap   total 159744K, used 50225K [0x0000000780000000, 0x0000000800000000)
  region size 1024K, 8 young (8192K), 8 survivors (8192K)
 Metaspace       used 33852K, capacity 35562K, committed 35884K, reserved 1081344K
  class space    used 3936K, capacity 4634K, committed 4736K, reserved 1048576K
}

