# JRE version: OpenJDK Runtime Environment GraalVM CE 21.2.0 (11.0.12+6) (build 11.0.12+6-jvmci-21.2-b08)
# Java VM: OpenJDK 64-Bit Server VM GraalVM CE 21.2.0 (11.0.12+6-jvmci-21.2-b08, mixed mode, sharing, tiered, jvmci, jvmci compiler, compressed oops, g1 gc, bsd-amd64)
Heap:
 garbage-first heap   total 247808K, used 146420K [0x0000000780000000, 0x0000000800000000)
  region size 1024K, 31 young (31744K), 1 survivors (1024K)
 Metaspace       used 77064K, capacity 80380K, committed 80544K, reserved 1120256K
  class space    used 9256K, capacity 10599K, committed 10700K, reserved 1048576K
GC Heap History (20 events):
Event: 8,674 GC heap before
{Heap before GC invocations=15 (full 0):
 garbage-first heap   total 159744K, used 120723K [0x0000000780000000, 0x0000000800000000)
  region size 1024K, 57 young (58368K), 8 survivors (8192K)
 Metaspace       used 35528K, capacity 37701K, committed 37964K, reserved 1081344K
  class space    used 4326K, capacity 5188K, committed 5196K, reserved 1048576K
}
Event: 8,689 GC heap after
{Heap after GC invocations=16 (full 0):
 garbage-first heap   total 159744K, used 79391K [0x0000000780000000, 0x0000000800000000)
  region size 1024K, 8 young (8192K), 8 survivors (8192K)
 Metaspace       used 35528K, capacity 37701K, committed 37964K, reserved 1081344K
  class space    used 4326K, capacity 5188K, committed 5196K, reserved 1048576K
}
Event: 8,959 GC heap before
{Heap before GC invocations=16 (full 0):
 garbage-first heap   total 159744K, used 123423K [0x0000000780000000, 0x0000000800000000)
  region size 1024K, 51 young (52224K), 8 survivors (8192K)
 Metaspace       used 36526K, capacity 38700K, committed 38988K, reserved 1083392K
  class space    used 4446K, capacity 5341K, committed 5452K, reserved 1048576K
}
Event: 8,978 GC heap after
{Heap after GC invocations=17 (full 0):
 garbage-first heap   total 247808K, used 91548K [0x0000000780000000, 0x0000000800000000)
  region size 1024K, 7 young (7168K), 7 survivors (7168K)
 Metaspace       used 36526K, capacity 38700K, committed 38988K, reserved 1083392K
  class space    used 4446K, capacity 5341K, committed 5452K, reserved 1048576K
}
Event: 9,816 GC heap before
{Heap before GC invocations=18 (full 0):
 garbage-first heap   total 247808K, used 164252K [0x0000000780000000, 0x0000000800000000)
  region size 1024K, 79 young (80896K), 7 survivors (7168K)
 Metaspace       used 49941K, capacity 52451K, committed 52556K, reserved 1095680K
  class space    used 6146K, capacity 7146K, committed 7244K, reserved 1048576K
}
Event: 9,832 GC heap after
{Heap after GC invocations=19 (full 0):
 garbage-first heap   total 247808K, used 96664K [0x0000000780000000, 0x0000000800000000)
  region size 1024K, 4 young (4096K), 4 survivors (4096K)
 Metaspace       used 49941K, capacity 52451K, committed 52556K, reserved 1095680K
  class space    used 6146K, capacity 7146K, committed 7244K, reserved 1048576K
}
Event: 9,936 GC heap before
{Heap before GC invocations=19 (full 0):
 garbage-first heap   total 247808K, used 103832K [0x0000000780000000, 0x0000000800000000)
  region size 1024K, 12 young (12288K), 4 survivors (4096K)
 Metaspace       used 52120K, capacity 54653K, committed 54860K, reserved 1097728K
  class space    used 6403K, capacity 7414K, committed 7500K, reserved 1048576K
}
Event: 9,943 GC heap after
{Heap after GC invocations=20 (full 0):
 garbage-first heap   total 247808K, used 87925K [0x0000000780000000, 0x0000000800000000)
  region size 1024K, 1 young (1024K), 1 survivors (1024K)
 Metaspace       used 52120K, capacity 54653K, committed 54860K, reserved 1097728K
  class space    used 6403K, capacity 7414K, committed 7500K, reserved 1048576K
}
Event: 69,282 GC heap before
{Heap before GC invocations=20 (full 0):
 garbage-first heap   total 247808K, used 159605K [0x0000000780000000, 0x0000000800000000)
  region size 1024K, 73 young (74752K), 1 survivors (1024K)
 Metaspace       used 65817K, capacity 68585K, committed 68812K, reserved 1110016K
  class space    used 8006K, capacity 9135K, committed 9164K, reserved 1048576K
}
Event: 69,292 GC heap after
{Heap after GC invocations=21 (full 0):
 garbage-first heap   total 247808K, used 92956K [0x0000000780000000, 0x0000000800000000)
  region size 1024K, 6 young (6144K), 6 survivors (6144K)
 Metaspace       used 65817K, capacity 68585K, committed 68812K, reserved 1110016K
  class space    used 8006K, capacity 9135K, committed 9164K, reserved 1048576K
}
Event: 70,127 GC heap before
{Heap before GC invocations=22 (full 0):
 garbage-first heap   total 247808K, used 182044K [0x0000000780000000, 0x0000000800000000)
  region size 1024K, 86 young (88064K), 6 survivors (6144K)
 Metaspace       used 71418K, capacity 74311K, committed 74656K, reserved 1114112K
  class space    used 8610K, capacity 9806K, committed 9932K, reserved 1048576K
}
Event: 70,140 GC heap after
{Heap after GC invocations=23 (full 0):
 garbage-first heap   total 247808K, used 108966K [0x0000000780000000, 0x0000000800000000)
  region size 1024K, 11 young (11264K), 11 survivors (11264K)
 Metaspace       used 71418K, capacity 74311K, committed 74656K, reserved 1114112K
  class space    used 8610K, capacity 9806K, committed 9932K, reserved 1048576K
}
Event: 70,141 GC heap before
{Heap before GC invocations=23 (full 0):
 garbage-first heap   total 247808K, used 109990K [0x0000000780000000, 0x0000000800000000)
  region size 1024K, 12 young (12288K), 11 survivors (11264K)
 Metaspace       used 71423K, capacity 74311K, committed 74656K, reserved 1114112K
  class space    used 8610K, capacity 9806K, committed 9932K, reserved 1048576K
}
Event: 70,152 GC heap after
{Heap after GC invocations=24 (full 0):
 garbage-first heap   total 247808K, used 103565K [0x0000000780000000, 0x0000000800000000)
  region size 1024K, 1 young (1024K), 1 survivors (1024K)
 Metaspace       used 71423K, capacity 74311K, committed 74656K, reserved 1114112K
  class space    used 8610K, capacity 9806K, committed 9932K, reserved 1048576K
}
Event: 70,490 GC heap before
{Heap before GC invocations=24 (full 0):
 garbage-first heap   total 247808K, used 188557K [0x0000000780000000, 0x0000000800000000)
  region size 1024K, 81 young (82944K), 1 survivors (1024K)
 Metaspace       used 72953K, capacity 75924K, committed 76064K, reserved 1116160K
  class space    used 8794K, capacity 10047K, committed 10060K, reserved 1048576K
}
Event: 70,500 GC heap after
{Heap after GC invocations=25 (full 0):
 garbage-first heap   total 247808K, used 118492K [0x0000000780000000, 0x0000000800000000)
  region size 1024K, 11 young (11264K), 11 survivors (11264K)
 Metaspace       used 72953K, capacity 75924K, committed 76064K, reserved 1116160K
  class space    used 8794K, capacity 10047K, committed 10060K, reserved 1048576K
}
Event: 71,258 GC heap before
{Heap before GC invocations=26 (full 0):
 garbage-first heap   total 247808K, used 188124K [0x0000000780000000, 0x0000000800000000)
  region size 1024K, 81 young (82944K), 11 survivors (11264K)
 Metaspace       used 76550K, capacity 79833K, committed 80032K, reserved 1118208K
  class space    used 9215K, capacity 10576K, committed 10700K, reserved 1048576K
}
Event: 71,270 GC heap after
{Heap after GC invocations=27 (full 0):
 garbage-first heap   total 247808K, used 118069K [0x0000000780000000, 0x0000000800000000)
  region size 1024K, 7 young (7168K), 7 survivors (7168K)
 Metaspace       used 76550K, capacity 79833K, committed 80032K, reserved 1118208K
  class space    used 9215K, capacity 10576K, committed 10700K, reserved 1048576K
}
Event: 71,335 GC heap before
{Heap before GC invocations=27 (full 0):
 garbage-first heap   total 247808K, used 122165K [0x0000000780000000, 0x0000000800000000)
  region size 1024K, 12 young (12288K), 7 survivors (7168K)
 Metaspace       used 76556K, capacity 79836K, committed 80032K, reserved 1118208K
  class space    used 9215K, capacity 10576K, committed 10700K, reserved 1048576K
}
Event: 71,344 GC heap after
{Heap after GC invocations=28 (full 0):
 garbage-first heap   total 247808K, used 117748K [0x0000000780000000, 0x0000000800000000)
  region size 1024K, 1 young (1024K), 1 survivors (1024K)
 Metaspace       used 76556K, capacity 79836K, committed 80032K, reserved 1118208K
  class space    used 9215K, capacity 10576K, committed 10700K, reserved 1048576K
}

