# JRE version: OpenJDK Runtime Environment GraalVM CE 21.2.0 (11.0.12+6) (build 11.0.12+6-jvmci-21.2-b08)
# Java VM: OpenJDK 64-Bit Server VM GraalVM CE 21.2.0 (11.0.12+6-jvmci-21.2-b08, mixed mode, sharing, tiered, jvmci, jvmci compiler, compressed oops, g1 gc, bsd-amd64)
Heap:
 garbage-first heap   total 159744K, used 64775K [0x0000000780000000, 0x0000000800000000)
  region size 1024K, 25 young (25600K), 7 survivors (7168K)
 Metaspace       used 35802K, capacity 37590K, committed 37760K, reserved 1081344K
  class space    used 4176K, capacity 4937K, committed 4992K, reserved 1048576K
GC Heap History (20 events):
Event: 5,473 GC heap before
{Heap before GC invocations=0 (full 0):
 garbage-first heap   total 133120K, used 15068K [0x0000000780000000, 0x0000000800000000)
  region size 1024K, 14 young (14336K), 0 survivors (0K)
 Metaspace       used 4009K, capacity 5986K, committed 6272K, reserved 1056768K
  class space    used 360K, capacity 626K, committed 640K, reserved 1048576K
}
Event: 5,480 GC heap after
{Heap after GC invocations=1 (full 0):
 garbage-first heap   total 133120K, used 3958K [0x0000000780000000, 0x0000000800000000)
  region size 1024K, 2 young (2048K), 2 survivors (2048K)
 Metaspace       used 4009K, capacity 5986K, committed 6272K, reserved 1056768K
  class space    used 360K, capacity 626K, committed 640K, reserved 1048576K
}
Event: 5,752 GC heap before
{Heap before GC invocations=1 (full 0):
 garbage-first heap   total 133120K, used 21366K [0x0000000780000000, 0x0000000800000000)
  region size 1024K, 20 young (20480K), 2 survivors (2048K)
 Metaspace       used 4641K, capacity 6214K, committed 6272K, reserved 1056768K
  class space    used 406K, capacity 638K, committed 640K, reserved 1048576K
}
Event: 5,796 GC heap after
{Heap after GC invocations=2 (full 0):
 garbage-first heap   total 133120K, used 16965K [0x0000000780000000, 0x0000000800000000)
  region size 1024K, 3 young (3072K), 3 survivors (3072K)
 Metaspace       used 4641K, capacity 6214K, committed 6272K, reserved 1056768K
  class space    used 406K, capacity 638K, committed 640K, reserved 1048576K
}
Event: 5,950 GC heap before
{Heap before GC invocations=2 (full 0):
 garbage-first heap   total 133120K, used 34373K [0x0000000780000000, 0x0000000800000000)
  region size 1024K, 21 young (21504K), 3 survivors (3072K)
 Metaspace       used 4670K, capacity 6214K, committed 6272K, reserved 1056768K
  class space    used 406K, capacity 638K, committed 640K, reserved 1048576K
}
Event: 5,958 GC heap after
{Heap after GC invocations=3 (full 0):
 garbage-first heap   total 133120K, used 20028K [0x0000000780000000, 0x0000000800000000)
  region size 1024K, 3 young (3072K), 3 survivors (3072K)
 Metaspace       used 4670K, capacity 6214K, committed 6272K, reserved 1056768K
  class space    used 406K, capacity 638K, committed 640K, reserved 1048576K
}
Event: 6,161 GC heap before
{Heap before GC invocations=3 (full 0):
 garbage-first heap   total 133120K, used 47676K [0x0000000780000000, 0x0000000800000000)
  region size 1024K, 30 young (30720K), 3 survivors (3072K)
 Metaspace       used 4702K, capacity 6215K, committed 6272K, reserved 1056768K
  class space    used 406K, capacity 638K, committed 640K, reserved 1048576K
}
Event: 6,184 GC heap after
{Heap after GC invocations=4 (full 0):
 garbage-first heap   total 133120K, used 26586K [0x0000000780000000, 0x0000000800000000)
  region size 1024K, 4 young (4096K), 4 survivors (4096K)
 Metaspace       used 4702K, capacity 6215K, committed 6272K, reserved 1056768K
  class space    used 406K, capacity 638K, committed 640K, reserved 1048576K
}
Event: 6,354 GC heap before
{Heap before GC invocations=4 (full 0):
 garbage-first heap   total 133120K, used 49114K [0x0000000780000000, 0x0000000800000000)
  region size 1024K, 26 young (26624K), 4 survivors (4096K)
 Metaspace       used 6149K, capacity 7140K, committed 7296K, reserved 1056768K
  class space    used 545K, capacity 798K, committed 896K, reserved 1048576K
}
Event: 6,366 GC heap after
{Heap after GC invocations=5 (full 0):
 garbage-first heap   total 133120K, used 34162K [0x0000000780000000, 0x0000000800000000)
  region size 1024K, 4 young (4096K), 4 survivors (4096K)
 Metaspace       used 6149K, capacity 7140K, committed 7296K, reserved 1056768K
  class space    used 545K, capacity 798K, committed 896K, reserved 1048576K
}
Event: 7,118 GC heap before
{Heap before GC invocations=5 (full 0):
 garbage-first heap   total 133120K, used 70002K [0x0000000780000000, 0x0000000800000000)
  region size 1024K, 39 young (39936K), 4 survivors (4096K)
 Metaspace       used 12534K, capacity 13142K, committed 13312K, reserved 1060864K
  class space    used 1229K, capacity 1456K, committed 1536K, reserved 1048576K
}
Event: 7,132 GC heap after
{Heap after GC invocations=6 (full 0):
 garbage-first heap   total 133120K, used 37166K [0x0000000780000000, 0x0000000800000000)
  region size 1024K, 3 young (3072K), 3 survivors (3072K)
 Metaspace       used 12534K, capacity 13142K, committed 13312K, reserved 1060864K
  class space    used 1229K, capacity 1456K, committed 1536K, reserved 1048576K
}
Event: 7,465 GC heap before
{Heap before GC invocations=6 (full 0):
 garbage-first heap   total 133120K, used 78126K [0x0000000780000000, 0x0000000800000000)
  region size 1024K, 43 young (44032K), 3 survivors (3072K)
 Metaspace       used 15979K, capacity 16701K, committed 16896K, reserved 1064960K
  class space    used 1756K, capacity 2040K, committed 2048K, reserved 1048576K
}
Event: 7,477 GC heap after
{Heap after GC invocations=7 (full 0):
 garbage-first heap   total 159744K, used 40365K [0x0000000780000000, 0x0000000800000000)
  region size 1024K, 6 young (6144K), 6 survivors (6144K)
 Metaspace       used 15979K, capacity 16701K, committed 16896K, reserved 1064960K
  class space    used 1756K, capacity 2040K, committed 2048K, reserved 1048576K
}
Event: 7,721 GC heap before
{Heap before GC invocations=7 (full 0):
 garbage-first heap   total 159744K, used 82349K [0x0000000780000000, 0x0000000800000000)
  region size 1024K, 49 young (50176K), 6 survivors (6144K)
 Metaspace       used 20349K, capacity 21197K, committed 21296K, reserved 1069056K
  class space    used 2282K, capacity 2640K, committed 2688K, reserved 1048576K
}
Event: 7,732 GC heap after
{Heap after GC invocations=8 (full 0):
 garbage-first heap   total 159744K, used 43282K [0x0000000780000000, 0x0000000800000000)
  region size 1024K, 7 young (7168K), 7 survivors (7168K)
 Metaspace       used 20349K, capacity 21197K, committed 21296K, reserved 1069056K
  class space    used 2282K, capacity 2640K, committed 2688K, reserved 1048576K
}
Event: 8,520 GC heap before
{Heap before GC invocations=9 (full 0):
 garbage-first heap   total 159744K, used 94482K [0x0000000780000000, 0x0000000800000000)
  region size 1024K, 59 young (60416K), 7 survivors (7168K)
 Metaspace       used 24935K, capacity 26056K, committed 26112K, reserved 1073152K
  class space    used 2802K, capacity 3277K, committed 3328K, reserved 1048576K
}
Event: 8,540 GC heap after
{Heap after GC invocations=10 (full 0):
 garbage-first heap   total 159744K, used 45167K [0x0000000780000000, 0x0000000800000000)
  region size 1024K, 6 young (6144K), 6 survivors (6144K)
 Metaspace       used 24935K, capacity 26056K, committed 26112K, reserved 1073152K
  class space    used 2802K, capacity 3277K, committed 3328K, reserved 1048576K
}
Event: 9,453 GC heap before
{Heap before GC invocations=11 (full 0):
 garbage-first heap   total 159744K, used 115823K [0x0000000780000000, 0x0000000800000000)
  region size 1024K, 76 young (77824K), 6 survivors (6144K)
 Metaspace       used 31464K, capacity 33233K, committed 33280K, reserved 1079296K
  class space    used 3660K, capacity 4335K, committed 4352K, reserved 1048576K
}
Event: 9,468 GC heap after
{Heap after GC invocations=12 (full 0):
 garbage-first heap   total 159744K, used 48391K [0x0000000780000000, 0x0000000800000000)
  region size 1024K, 7 young (7168K), 7 survivors (7168K)
 Metaspace       used 31464K, capacity 33233K, committed 33280K, reserved 1079296K
  class space    used 3660K, capacity 4335K, committed 4352K, reserved 1048576K
}

