# JRE version: OpenJDK Runtime Environment GraalVM CE 21.2.0 (11.0.12+6) (build 11.0.12+6-jvmci-21.2-b08)
# Java VM: OpenJDK 64-Bit Server VM GraalVM CE 21.2.0 (11.0.12+6-jvmci-21.2-b08, mixed mode, sharing, tiered, jvmci, jvmci compiler, compressed oops, g1 gc, bsd-amd64)
Heap:
 garbage-first heap   total 204800K, used 116715K [0x0000000780000000, 0x0000000800000000)
  region size 1024K, 56 young (57344K), 1 survivors (1024K)
 Metaspace       used 51462K, capacity 53798K, committed 53988K, reserved 1095680K
  class space    used 6268K, capacity 7225K, committed 7244K, reserved 1048576K
GC Heap History (20 events):
Event: 6,663 GC heap before
{Heap before GC invocations=4 (full 0):
 garbage-first heap   total 133120K, used 88796K [0x0000000780000000, 0x0000000800000000)
  region size 1024K, 67 young (68608K), 4 survivors (4096K)
 Metaspace       used 12045K, capacity 12679K, committed 12800K, reserved 1060864K
  class space    used 1184K, capacity 1424K, committed 1536K, reserved 1048576K
}
Event: 6,687 GC heap after
{Heap after GC invocations=5 (full 0):
 garbage-first heap   total 133120K, used 36572K [0x0000000780000000, 0x0000000800000000)
  region size 1024K, 9 young (9216K), 9 survivors (9216K)
 Metaspace       used 12045K, capacity 12679K, committed 12800K, reserved 1060864K
  class space    used 1184K, capacity 1424K, committed 1536K, reserved 1048576K
}
Event: 6,952 GC heap before
{Heap before GC invocations=5 (full 0):
 garbage-first heap   total 133120K, used 69340K [0x0000000780000000, 0x0000000800000000)
  region size 1024K, 41 young (41984K), 9 survivors (9216K)
 Metaspace       used 15497K, capacity 16171K, committed 16384K, reserved 1062912K
  class space    used 1687K, capacity 1963K, committed 2048K, reserved 1048576K
}
Event: 6,969 GC heap after
{Heap after GC invocations=6 (full 0):
 garbage-first heap   total 133120K, used 41264K [0x0000000780000000, 0x0000000800000000)
  region size 1024K, 4 young (4096K), 4 survivors (4096K)
 Metaspace       used 15497K, capacity 16171K, committed 16384K, reserved 1062912K
  class space    used 1687K, capacity 1963K, committed 2048K, reserved 1048576K
}
Event: 7,193 GC heap before
{Heap before GC invocations=6 (full 0):
 garbage-first heap   total 133120K, used 81200K [0x0000000780000000, 0x0000000800000000)
  region size 1024K, 44 young (45056K), 4 survivors (4096K)
 Metaspace       used 20068K, capacity 21054K, committed 21296K, reserved 1069056K
  class space    used 2273K, capacity 2613K, committed 2688K, reserved 1048576K
}
Event: 7,200 GC heap after
{Heap after GC invocations=7 (full 0):
 garbage-first heap   total 133120K, used 43595K [0x0000000780000000, 0x0000000800000000)
  region size 1024K, 6 young (6144K), 6 survivors (6144K)
 Metaspace       used 20068K, capacity 21054K, committed 21296K, reserved 1069056K
  class space    used 2273K, capacity 2613K, committed 2688K, reserved 1048576K
}
Event: 7,210 GC heap before
{Heap before GC invocations=7 (full 0):
 garbage-first heap   total 133120K, used 43595K [0x0000000780000000, 0x0000000800000000)
  region size 1024K, 8 young (8192K), 6 survivors (6144K)
 Metaspace       used 20206K, capacity 21153K, committed 21296K, reserved 1069056K
  class space    used 2287K, capacity 2646K, committed 2688K, reserved 1048576K
}
Event: 7,219 GC heap after
{Heap after GC invocations=8 (full 0):
 garbage-first heap   total 133120K, used 43672K [0x0000000780000000, 0x0000000800000000)
  region size 1024K, 4 young (4096K), 4 survivors (4096K)
 Metaspace       used 20206K, capacity 21153K, committed 21296K, reserved 1069056K
  class space    used 2287K, capacity 2646K, committed 2688K, reserved 1048576K
}
Event: 7,499 GC heap before
{Heap before GC invocations=9 (full 0):
 garbage-first heap   total 133120K, used 80536K [0x0000000780000000, 0x0000000800000000)
  region size 1024K, 41 young (41984K), 4 survivors (4096K)
 Metaspace       used 23580K, capacity 24599K, committed 24908K, reserved 1071104K
  class space    used 2671K, capacity 3063K, committed 3148K, reserved 1048576K
}
Event: 7,508 GC heap after
{Heap after GC invocations=10 (full 0):
 garbage-first heap   total 133120K, used 46179K [0x0000000780000000, 0x0000000800000000)
  region size 1024K, 6 young (6144K), 6 survivors (6144K)
 Metaspace       used 23580K, capacity 24599K, committed 24908K, reserved 1071104K
  class space    used 2671K, capacity 3063K, committed 3148K, reserved 1048576K
}
Event: 7,708 GC heap before
{Heap before GC invocations=11 (full 0):
 garbage-first heap   total 133120K, used 85091K [0x0000000780000000, 0x0000000800000000)
  region size 1024K, 45 young (46080K), 6 survivors (6144K)
 Metaspace       used 26081K, capacity 27362K, committed 27596K, reserved 1073152K
  class space    used 2939K, capacity 3430K, committed 3532K, reserved 1048576K
}
Event: 7,720 GC heap after
{Heap after GC invocations=12 (full 0):
 garbage-first heap   total 159744K, used 48386K [0x0000000780000000, 0x0000000800000000)
  region size 1024K, 6 young (6144K), 6 survivors (6144K)
 Metaspace       used 26081K, capacity 27362K, committed 27596K, reserved 1073152K
  class space    used 2939K, capacity 3430K, committed 3532K, reserved 1048576K
}
Event: 7,948 GC heap before
{Heap before GC invocations=12 (full 0):
 garbage-first heap   total 159744K, used 99586K [0x0000000780000000, 0x0000000800000000)
  region size 1024K, 57 young (58368K), 6 survivors (6144K)
 Metaspace       used 29246K, capacity 30948K, committed 31052K, reserved 1077248K
  class space    used 3433K, capacity 4114K, committed 4172K, reserved 1048576K
}
Event: 7,962 GC heap after
{Heap after GC invocations=13 (full 0):
 garbage-first heap   total 159744K, used 53647K [0x0000000780000000, 0x0000000800000000)
  region size 1024K, 8 young (8192K), 8 survivors (8192K)
 Metaspace       used 29246K, capacity 30948K, committed 31052K, reserved 1077248K
  class space    used 3433K, capacity 4114K, committed 4172K, reserved 1048576K
}
Event: 8,321 GC heap before
{Heap before GC invocations=13 (full 0):
 garbage-first heap   total 159744K, used 104847K [0x0000000780000000, 0x0000000800000000)
  region size 1024K, 59 young (60416K), 8 survivors (8192K)
 Metaspace       used 34610K, capacity 36466K, committed 36684K, reserved 1081344K
  class space    used 4153K, capacity 4933K, committed 4940K, reserved 1048576K
}
Event: 8,328 GC heap after
{Heap after GC invocations=14 (full 0):
 garbage-first heap   total 159744K, used 52668K [0x0000000780000000, 0x0000000800000000)
  region size 1024K, 3 young (3072K), 3 survivors (3072K)
 Metaspace       used 34610K, capacity 36466K, committed 36684K, reserved 1081344K
  class space    used 4153K, capacity 4933K, committed 4940K, reserved 1048576K
}
Event: 8,788 GC heap before
{Heap before GC invocations=14 (full 0):
 garbage-first heap   total 159744K, used 107964K [0x0000000780000000, 0x0000000800000000)
  region size 1024K, 58 young (59392K), 3 survivors (3072K)
 Metaspace       used 38465K, capacity 40604K, committed 40908K, reserved 1085440K
  class space    used 4601K, capacity 5490K, committed 5580K, reserved 1048576K
}
Event: 8,798 GC heap after
{Heap after GC invocations=15 (full 0):
 garbage-first heap   total 159744K, used 61026K [0x0000000780000000, 0x0000000800000000)
  region size 1024K, 8 young (8192K), 8 survivors (8192K)
 Metaspace       used 38465K, capacity 40604K, committed 40908K, reserved 1085440K
  class space    used 4601K, capacity 5490K, committed 5580K, reserved 1048576K
}
Event: 8,908 GC heap before
{Heap before GC invocations=15 (full 0):
 garbage-first heap   total 159744K, used 71266K [0x0000000780000000, 0x0000000800000000)
  region size 1024K, 20 young (20480K), 8 survivors (8192K)
 Metaspace       used 41382K, capacity 43580K, committed 43596K, reserved 1087488K
  class space    used 5030K, capacity 5950K, committed 5964K, reserved 1048576K
}
Event: 8,917 GC heap after
{Heap after GC invocations=16 (full 0):
 garbage-first heap   total 204800K, used 62443K [0x0000000780000000, 0x0000000800000000)
  region size 1024K, 1 young (1024K), 1 survivors (1024K)
 Metaspace       used 41382K, capacity 43580K, committed 43596K, reserved 1087488K
  class space    used 5030K, capacity 5950K, committed 5964K, reserved 1048576K
}

