# JRE version: OpenJDK Runtime Environment GraalVM CE 21.2.0 (11.0.12+6) (build 11.0.12+6-jvmci-21.2-b08)
# Java VM: OpenJDK 64-Bit Server VM GraalVM CE 21.2.0 (11.0.12+6-jvmci-21.2-b08, mixed mode, sharing, tiered, jvmci, jvmci compiler, compressed oops, g1 gc, bsd-amd64)
Heap:
 garbage-first heap   total 192512K, used 139090K [0x0000000780000000, 0x0000000800000000)
  region size 1024K, 58 young (59392K), 6 survivors (6144K)
 Metaspace       used 52189K, capacity 54714K, committed 54832K, reserved 1097728K
  class space    used 6432K, capacity 7453K, committed 7552K, reserved 1048576K
GC Heap History (20 events):
Event: 8,223 GC heap before
{Heap before GC invocations=5 (full 0):
 garbage-first heap   total 133120K, used 61400K [0x0000000780000000, 0x0000000800000000)
  region size 1024K, 28 young (28672K), 5 survivors (5120K)
 Metaspace       used 4605K, capacity 6217K, committed 6272K, reserved 1056768K
  class space    used 407K, capacity 638K, committed 640K, reserved 1048576K
}
Event: 8,240 GC heap after
{Heap after GC invocations=6 (full 0):
 garbage-first heap   total 133120K, used 43717K [0x0000000780000000, 0x0000000800000000)
  region size 1024K, 4 young (4096K), 4 survivors (4096K)
 Metaspace       used 4605K, capacity 6217K, committed 6272K, reserved 1056768K
  class space    used 407K, capacity 638K, committed 640K, reserved 1048576K
}
Event: 9,186 GC heap before
{Heap before GC invocations=6 (full 0):
 garbage-first heap   total 133120K, used 77509K [0x0000000780000000, 0x0000000800000000)
  region size 1024K, 36 young (36864K), 4 survivors (4096K)
 Metaspace       used 9015K, capacity 9521K, committed 9600K, reserved 1058816K
  class space    used 904K, capacity 1090K, committed 1152K, reserved 1048576K
}
Event: 9,213 GC heap after
{Heap after GC invocations=7 (full 0):
 garbage-first heap   total 133120K, used 52956K [0x0000000780000000, 0x0000000800000000)
  region size 1024K, 5 young (5120K), 5 survivors (5120K)
 Metaspace       used 9015K, capacity 9521K, committed 9600K, reserved 1058816K
  class space    used 904K, capacity 1090K, committed 1152K, reserved 1048576K
}
Event: 11,448 GC heap before
{Heap before GC invocations=7 (full 0):
 garbage-first heap   total 133120K, used 84700K [0x0000000780000000, 0x0000000800000000)
  region size 1024K, 36 young (36864K), 5 survivors (5120K)
 Metaspace       used 14253K, capacity 14930K, committed 15232K, reserved 1062912K
  class space    used 1519K, capacity 1806K, committed 1920K, reserved 1048576K
}
Event: 11,473 GC heap after
{Heap after GC invocations=8 (full 0):
 garbage-first heap   total 159744K, used 55556K [0x0000000780000000, 0x0000000800000000)
  region size 1024K, 3 young (3072K), 3 survivors (3072K)
 Metaspace       used 14253K, capacity 14930K, committed 15232K, reserved 1062912K
  class space    used 1519K, capacity 1806K, committed 1920K, reserved 1048576K
}
Event: 12,247 GC heap before
{Heap before GC invocations=8 (full 0):
 garbage-first heap   total 159744K, used 95492K [0x0000000780000000, 0x0000000800000000)
  region size 1024K, 42 young (43008K), 3 survivors (3072K)
 Metaspace       used 18388K, capacity 19210K, committed 19456K, reserved 1067008K
  class space    used 2081K, capacity 2443K, committed 2560K, reserved 1048576K
}
Event: 12,255 GC heap after
{Heap after GC invocations=9 (full 0):
 garbage-first heap   total 159744K, used 58798K [0x0000000780000000, 0x0000000800000000)
  region size 1024K, 6 young (6144K), 6 survivors (6144K)
 Metaspace       used 18388K, capacity 19210K, committed 19456K, reserved 1067008K
  class space    used 2081K, capacity 2443K, committed 2560K, reserved 1048576K
}
Event: 12,437 GC heap before
{Heap before GC invocations=9 (full 0):
 garbage-first heap   total 159744K, used 74158K [0x0000000780000000, 0x0000000800000000)
  region size 1024K, 23 young (23552K), 6 survivors (6144K)
 Metaspace       used 20296K, capacity 21185K, committed 21296K, reserved 1069056K
  class space    used 2310K, capacity 2650K, committed 2688K, reserved 1048576K
}
Event: 12,458 GC heap after
{Heap after GC invocations=10 (full 0):
 garbage-first heap   total 159744K, used 60003K [0x0000000780000000, 0x0000000800000000)
  region size 1024K, 5 young (5120K), 5 survivors (5120K)
 Metaspace       used 20296K, capacity 21185K, committed 21296K, reserved 1069056K
  class space    used 2310K, capacity 2650K, committed 2688K, reserved 1048576K
}
Event: 13,134 GC heap before
{Heap before GC invocations=11 (full 0):
 garbage-first heap   total 159744K, used 112227K [0x0000000780000000, 0x0000000800000000)
  region size 1024K, 58 young (59392K), 5 survivors (5120K)
 Metaspace       used 24645K, capacity 25732K, committed 25776K, reserved 1071104K
  class space    used 2807K, capacity 3289K, committed 3328K, reserved 1048576K
}
Event: 13,149 GC heap after
{Heap after GC invocations=12 (full 0):
 garbage-first heap   total 159744K, used 62424K [0x0000000780000000, 0x0000000800000000)
  region size 1024K, 5 young (5120K), 5 survivors (5120K)
 Metaspace       used 24645K, capacity 25732K, committed 25776K, reserved 1071104K
  class space    used 2807K, capacity 3289K, committed 3328K, reserved 1048576K
}
Event: 13,690 GC heap before
{Heap before GC invocations=13 (full 0):
 garbage-first heap   total 159744K, used 115672K [0x0000000780000000, 0x0000000800000000)
  region size 1024K, 58 young (59392K), 5 survivors (5120K)
 Metaspace       used 27829K, capacity 29415K, committed 29488K, reserved 1075200K
  class space    used 3275K, capacity 3923K, committed 3968K, reserved 1048576K
}
Event: 13,710 GC heap after
{Heap after GC invocations=14 (full 0):
 garbage-first heap   total 159744K, used 65803K [0x0000000780000000, 0x0000000800000000)
  region size 1024K, 7 young (7168K), 7 survivors (7168K)
 Metaspace       used 27829K, capacity 29415K, committed 29488K, reserved 1075200K
  class space    used 3275K, capacity 3923K, committed 3968K, reserved 1048576K
}
Event: 14,075 GC heap before
{Heap before GC invocations=14 (full 0):
 garbage-first heap   total 159744K, used 119051K [0x0000000780000000, 0x0000000800000000)
  region size 1024K, 60 young (61440K), 7 survivors (7168K)
 Metaspace       used 29818K, capacity 31561K, committed 31664K, reserved 1077248K
  class space    used 3569K, capacity 4310K, committed 4352K, reserved 1048576K
}
Event: 14,104 GC heap after
{Heap after GC invocations=15 (full 0):
 garbage-first heap   total 192512K, used 73963K [0x0000000780000000, 0x0000000800000000)
  region size 1024K, 8 young (8192K), 8 survivors (8192K)
 Metaspace       used 29818K, capacity 31561K, committed 31664K, reserved 1077248K
  class space    used 3569K, capacity 4310K, committed 4352K, reserved 1048576K
}
Event: 15,035 GC heap before
{Heap before GC invocations=15 (full 0):
 garbage-first heap   total 192512K, used 135403K [0x0000000780000000, 0x0000000800000000)
  region size 1024K, 69 young (70656K), 8 survivors (8192K)
 Metaspace       used 36136K, capacity 38367K, committed 38576K, reserved 1083392K
  class space    used 4409K, capacity 5292K, committed 5376K, reserved 1048576K
}
Event: 15,051 GC heap after
{Heap after GC invocations=16 (full 0):
 garbage-first heap   total 192512K, used 83676K [0x0000000780000000, 0x0000000800000000)
  region size 1024K, 9 young (9216K), 9 survivors (9216K)
 Metaspace       used 36136K, capacity 38367K, committed 38576K, reserved 1083392K
  class space    used 4409K, capacity 5292K, committed 5376K, reserved 1048576K
}
Event: 15,642 GC heap before
{Heap before GC invocations=16 (full 0):
 garbage-first heap   total 192512K, used 129756K [0x0000000780000000, 0x0000000800000000)
  region size 1024K, 56 young (57344K), 9 survivors (9216K)
 Metaspace       used 42357K, capacity 44772K, committed 44848K, reserved 1087488K
  class space    used 5224K, capacity 6229K, committed 6272K, reserved 1048576K
}
Event: 15,656 GC heap after
{Heap after GC invocations=17 (full 0):
 garbage-first heap   total 192512K, used 88914K [0x0000000780000000, 0x0000000800000000)
  region size 1024K, 6 young (6144K), 6 survivors (6144K)
 Metaspace       used 42357K, capacity 44772K, committed 44848K, reserved 1087488K
  class space    used 5224K, capacity 6229K, committed 6272K, reserved 1048576K
}

