# JRE version: OpenJDK Runtime Environment GraalVM CE 21.2.0 (11.0.12+6) (build 11.0.12+6-jvmci-21.2-b08)
# Java VM: OpenJDK 64-Bit Server VM GraalVM CE 21.2.0 (11.0.12+6-jvmci-21.2-b08, mixed mode, sharing, tiered, jvmci, jvmci compiler, compressed oops, g1 gc, bsd-amd64)
Heap:
 garbage-first heap   total 214016K, used 86762K [0x0000000780000000, 0x0000000800000000)
  region size 1024K, 9 young (9216K), 1 survivors (1024K)
 Metaspace       used 52727K, capacity 55246K, committed 55504K, reserved 1097728K
  class space    used 6437K, capacity 7455K, committed 7500K, reserved 1048576K
GC Heap History (20 events):
Event: 7,824 GC heap before
{Heap before GC invocations=8 (full 0):
 garbage-first heap   total 133120K, used 88796K [0x0000000780000000, 0x0000000800000000)
  region size 1024K, 37 young (37888K), 5 survivors (5120K)
 Metaspace       used 19723K, capacity 20657K, committed 20736K, reserved 1067008K
  class space    used 2205K, capacity 2560K, committed 2560K, reserved 1048576K
}
Event: 7,837 GC heap after
{Heap after GC invocations=9 (full 0):
 garbage-first heap   total 159744K, used 59554K [0x0000000780000000, 0x0000000800000000)
  region size 1024K, 3 young (3072K), 3 survivors (3072K)
 Metaspace       used 19723K, capacity 20657K, committed 20736K, reserved 1067008K
  class space    used 2205K, capacity 2560K, committed 2560K, reserved 1048576K
}
Event: 7,893 GC heap before
{Heap before GC invocations=9 (full 0):
 garbage-first heap   total 159744K, used 64674K [0x0000000780000000, 0x0000000800000000)
  region size 1024K, 10 young (10240K), 3 survivors (3072K)
 Metaspace       used 20268K, capacity 21156K, committed 21296K, reserved 1069056K
  class space    used 2270K, capacity 2599K, committed 2688K, reserved 1048576K
}
Event: 7,900 GC heap after
{Heap after GC invocations=10 (full 0):
 garbage-first heap   total 159744K, used 59782K [0x0000000780000000, 0x0000000800000000)
  region size 1024K, 3 young (3072K), 3 survivors (3072K)
 Metaspace       used 20268K, capacity 21156K, committed 21296K, reserved 1069056K
  class space    used 2270K, capacity 2599K, committed 2688K, reserved 1048576K
}
Event: 8,387 GC heap before
{Heap before GC invocations=11 (full 0):
 garbage-first heap   total 159744K, used 96646K [0x0000000780000000, 0x0000000800000000)
  region size 1024K, 42 young (43008K), 3 survivors (3072K)
 Metaspace       used 23808K, capacity 24839K, committed 25164K, reserved 1071104K
  class space    used 2665K, capacity 3076K, committed 3148K, reserved 1048576K
}
Event: 8,399 GC heap after
{Heap after GC invocations=12 (full 0):
 garbage-first heap   total 159744K, used 60458K [0x0000000780000000, 0x0000000800000000)
  region size 1024K, 6 young (6144K), 6 survivors (6144K)
 Metaspace       used 23808K, capacity 24839K, committed 25164K, reserved 1071104K
  class space    used 2665K, capacity 3076K, committed 3148K, reserved 1048576K
}
Event: 8,698 GC heap before
{Heap before GC invocations=13 (full 0):
 garbage-first heap   total 159744K, used 103466K [0x0000000780000000, 0x0000000800000000)
  region size 1024K, 49 young (50176K), 6 survivors (6144K)
 Metaspace       used 26520K, capacity 27666K, committed 27852K, reserved 1073152K
  class space    used 2961K, capacity 3444K, committed 3532K, reserved 1048576K
}
Event: 8,710 GC heap after
{Heap after GC invocations=14 (full 0):
 garbage-first heap   total 159744K, used 62517K [0x0000000780000000, 0x0000000800000000)
  region size 1024K, 6 young (6144K), 6 survivors (6144K)
 Metaspace       used 26520K, capacity 27666K, committed 27852K, reserved 1073152K
  class space    used 2961K, capacity 3444K, committed 3532K, reserved 1048576K
}
Event: 8,909 GC heap before
{Heap before GC invocations=14 (full 0):
 garbage-first heap   total 159744K, used 113717K [0x0000000780000000, 0x0000000800000000)
  region size 1024K, 56 young (57344K), 6 survivors (6144K)
 Metaspace       used 29202K, capacity 30906K, committed 31052K, reserved 1077248K
  class space    used 3407K, capacity 4113K, committed 4172K, reserved 1048576K
}
Event: 8,924 GC heap after
{Heap after GC invocations=15 (full 0):
 garbage-first heap   total 159744K, used 69192K [0x0000000780000000, 0x0000000800000000)
  region size 1024K, 7 young (7168K), 7 survivors (7168K)
 Metaspace       used 29202K, capacity 30906K, committed 31052K, reserved 1077248K
  class space    used 3407K, capacity 4113K, committed 4172K, reserved 1048576K
}
Event: 9,300 GC heap before
{Heap before GC invocations=15 (full 0):
 garbage-first heap   total 159744K, used 118344K [0x0000000780000000, 0x0000000800000000)
  region size 1024K, 56 young (57344K), 7 survivors (7168K)
 Metaspace       used 33553K, capacity 35594K, committed 35916K, reserved 1081344K
  class space    used 4016K, capacity 4845K, committed 4940K, reserved 1048576K
}
Event: 9,315 GC heap after
{Heap after GC invocations=16 (full 0):
 garbage-first heap   total 214016K, used 76846K [0x0000000780000000, 0x0000000800000000)
  region size 1024K, 7 young (7168K), 7 survivors (7168K)
 Metaspace       used 33553K, capacity 35594K, committed 35916K, reserved 1081344K
  class space    used 4016K, capacity 4845K, committed 4940K, reserved 1048576K
}
Event: 9,790 GC heap before
{Heap before GC invocations=16 (full 0):
 garbage-first heap   total 214016K, used 140334K [0x0000000780000000, 0x0000000800000000)
  region size 1024K, 70 young (71680K), 7 survivors (7168K)
 Metaspace       used 38481K, capacity 40611K, committed 40908K, reserved 1085440K
  class space    used 4583K, capacity 5477K, committed 5580K, reserved 1048576K
}
Event: 9,806 GC heap after
{Heap after GC invocations=17 (full 0):
 garbage-first heap   total 214016K, used 87700K [0x0000000780000000, 0x0000000800000000)
  region size 1024K, 9 young (9216K), 9 survivors (9216K)
 Metaspace       used 38481K, capacity 40611K, committed 40908K, reserved 1085440K
  class space    used 4583K, capacity 5477K, committed 5580K, reserved 1048576K
}
Event: 9,936 GC heap before
{Heap before GC invocations=17 (full 0):
 garbage-first heap   total 214016K, used 99988K [0x0000000780000000, 0x0000000800000000)
  region size 1024K, 23 young (23552K), 9 survivors (9216K)
 Metaspace       used 41418K, capacity 43695K, committed 43860K, reserved 1087488K
  class space    used 5029K, capacity 5997K, committed 6092K, reserved 1048576K
}
Event: 9,946 GC heap after
{Heap after GC invocations=18 (full 0):
 garbage-first heap   total 214016K, used 89570K [0x0000000780000000, 0x0000000800000000)
  region size 1024K, 2 young (2048K), 2 survivors (2048K)
 Metaspace       used 41418K, capacity 43695K, committed 43860K, reserved 1087488K
  class space    used 5029K, capacity 5997K, committed 6092K, reserved 1048576K
}
Event: 10,406 GC heap before
{Heap before GC invocations=19 (full 0):
 garbage-first heap   total 214016K, used 137698K [0x0000000780000000, 0x0000000800000000)
  region size 1024K, 50 young (51200K), 2 survivors (2048K)
 Metaspace       used 49675K, capacity 52088K, committed 52304K, reserved 1095680K
  class space    used 6070K, capacity 7061K, committed 7116K, reserved 1048576K
}
Event: 10,411 GC heap after
{Heap after GC invocations=20 (full 0):
 garbage-first heap   total 214016K, used 90548K [0x0000000780000000, 0x0000000800000000)
  region size 1024K, 3 young (3072K), 3 survivors (3072K)
 Metaspace       used 49675K, capacity 52088K, committed 52304K, reserved 1095680K
  class space    used 6070K, capacity 7061K, committed 7116K, reserved 1048576K
}
Event: 10,497 GC heap before
{Heap before GC invocations=20 (full 0):
 garbage-first heap   total 214016K, used 96692K [0x0000000780000000, 0x0000000800000000)
  region size 1024K, 10 young (10240K), 3 survivors (3072K)
 Metaspace       used 51280K, capacity 53784K, committed 54096K, reserved 1095680K
  class space    used 6266K, capacity 7266K, committed 7372K, reserved 1048576K
}
Event: 10,506 GC heap after
{Heap after GC invocations=21 (full 0):
 garbage-first heap   total 214016K, used 80618K [0x0000000780000000, 0x0000000800000000)
  region size 1024K, 1 young (1024K), 1 survivors (1024K)
 Metaspace       used 51280K, capacity 53784K, committed 54096K, reserved 1095680K
  class space    used 6266K, capacity 7266K, committed 7372K, reserved 1048576K
}

